[debug] [2018-07-30T15:58:15.941Z] ----------------------------------------------------------------------
[debug] [2018-07-30T15:58:15.959Z] Command:       /usr/local/bin/node /usr/local/bin/firebase serve
[debug] [2018-07-30T15:58:15.959Z] CLI Version:   3.19.3
[debug] [2018-07-30T15:58:15.959Z] Platform:      darwin
[debug] [2018-07-30T15:58:15.959Z] Node Version:  v8.5.0
[debug] [2018-07-30T15:58:15.972Z] Time:          Mon Jul 30 2018 12:58:15 GMT-0300 (-03)
[debug] [2018-07-30T15:58:15.972Z] ----------------------------------------------------------------------
[debug] 
[debug] [2018-07-30T15:58:16.070Z] > command requires scopes: ["email","openid","https://www.googleapis.com/auth/cloudplatformprojects.readonly","https://www.googleapis.com/auth/firebase","https://www.googleapis.com/auth/cloud-platform"]
[debug] [2018-07-30T15:58:16.070Z] > authorizing via signed-in user
[debug] [2018-07-30T15:58:16.074Z] > refreshing access token with scopes: ["email","https://www.googleapis.com/auth/cloud-platform","https://www.googleapis.com/auth/cloudplatformprojects.readonly","https://www.googleapis.com/auth/firebase","openid"]
[debug] [2018-07-30T15:58:16.074Z] >>> HTTP REQUEST POST https://www.googleapis.com/oauth2/v3/token  
 { refresh_token: '1/Bd3H6hcB9ldmIdX7uLQclDWUElD-A5DrnX6Kz2wpihk',
  client_id: '563584335869-fgrhgmd47bqnekij5i8b5pr03ho849e6.apps.googleusercontent.com',
  client_secret: 'j9iVZfS8kkCEFUPaAeJV0sAi',
  grant_type: 'refresh_token',
  scope: 'email https://www.googleapis.com/auth/cloud-platform https://www.googleapis.com/auth/cloudplatformprojects.readonly https://www.googleapis.com/auth/firebase openid' } 
 Mon Jul 30 2018 12:58:16 GMT-0300 (-03)
[debug] [2018-07-30T15:58:16.410Z] <<< HTTP RESPONSE 200
[debug] [2018-07-30T15:58:16.446Z] >>> HTTP REQUEST GET https://admin.firebase.com/v1/projects/matias-punx  
  
 Mon Jul 30 2018 12:58:16 GMT-0300 (-03)
[debug] [2018-07-30T15:58:17.619Z] <<< HTTP RESPONSE 200
[debug] [2018-07-30T15:58:17.621Z] >>> HTTP REQUEST GET https://admin.firebase.com/v1/database/matias-punx/tokens  
  
 Mon Jul 30 2018 12:58:17 GMT-0300 (-03)
[debug] [2018-07-30T15:58:18.460Z] <<< HTTP RESPONSE 200
[debug] [2018-07-30T15:58:18.462Z] >>> HTTP REQUEST GET https://cloudresourcemanager.googleapis.com/v1/projects/matias-punx  
  
 Mon Jul 30 2018 12:58:18 GMT-0300 (-03)
[debug] [2018-07-30T15:58:19.632Z] <<< HTTP RESPONSE 200
[info] 
[info] === Serving from '/Users/mpunx/Desktop/devfest2018/matias-punx'...
[info] 
[debug] [2018-07-30T15:58:19.648Z] >>> HTTP REQUEST GET https://mobilesdk-pa.googleapis.com/v1/projects/91184580887/clients/_:getWebAppConfig  
  
 Mon Jul 30 2018 12:58:19 GMT-0300 (-03)
[debug] [2018-07-30T15:58:20.095Z] <<< HTTP RESPONSE 200
[info] i  hosting: Serving hosting files from: public
[info] ✔  hosting: Local server: http://localhost:5000

